# JRE version: Java(TM) SE Runtime Environment (7.0_51-b13) (build 1.7.0_51-b13)
# Java VM: Java HotSpot(TM) Client VM (24.51-b03 mixed mode windows-x86 )
Heap
 def new generation   total 4928K, used 4524K [0x047e0000, 0x04d30000, 0x09d30000)
  eden space 4416K,  90% used [0x047e0000, 0x04bcb358, 0x04c30000)
  from space 512K, 100% used [0x04c30000, 0x04cb0000, 0x04cb0000)
  to   space 512K,   0% used [0x04cb0000, 0x04cb0000, 0x04d30000)
 tenured generation   total 10944K, used 961K [0x09d30000, 0x0a7e0000, 0x147e0000)
   the space 10944K,   8% used [0x09d30000, 0x09e20730, 0x09e20800, 0x0a7e0000)
 compacting perm gen  total 12288K, used 3493K [0x147e0000, 0x153e0000, 0x187e0000)
   the space 12288K,  28% used [0x147e0000, 0x14b494c0, 0x14b49600, 0x153e0000)
GC Heap History (4 events):
Event: 0.467 GC heap before
{Heap before GC invocations=0 (full 0):
 def new generation   total 4928K, used 4416K [0x047e0000, 0x04d30000, 0x09d30000)
  eden space 4416K, 100% used [0x047e0000, 0x04c30000, 0x04c30000)
  from space 512K,   0% used [0x04c30000, 0x04c30000, 0x04cb0000)
  to   space 512K,   0% used [0x04cb0000, 0x04cb0000, 0x04d30000)
 tenured generation   total 10944K, used 0K [0x09d30000, 0x0a7e0000, 0x147e0000)
   the space 10944K,   0% used [0x09d30000, 0x09d30000, 0x09d30200, 0x0a7e0000)
 compacting perm gen  total 12288K, used 2373K [0x147e0000, 0x153e0000, 0x187e0000)
   the space 12288K,  19% used [0x147e0000, 0x14a31738, 0x14a31800, 0x153e0000)
No shared spaces configured.
Event: 0.473 GC heap after
Heap after GC invocations=1 (full 0):
 def new generation   total 4928K, used 512K [0x047e0000, 0x04d30000, 0x09d30000)
  eden space 4416K,   0% used [0x047e0000, 0x047e0000, 0x04c30000)
  from space 512K, 100% used [0x04cb0000, 0x04d30000, 0x04d30000)
  to   space 512K,   0% used [0x04c30000, 0x04c30000, 0x04cb0000)
 tenured generation   total 10944K, used 342K [0x09d30000, 0x0a7e0000, 0x147e0000)
   the space 10944K,   3% used [0x09d30000, 0x09d85ae8, 0x09d85c00, 0x0a7e0000)
 compacting perm gen  total 12288K, used 2373K [0x147e0000, 0x153e0000, 0x187e0000)
   the space 12288K,  19% used [0x147e0000, 0x14a31738, 0x14a31800, 0x153e0000)
No shared spaces configured.
}
Event: 0.675 GC heap before
{Heap before GC invocations=1 (full 0):
 def new generation   total 4928K, used 4928K [0x047e0000, 0x04d30000, 0x09d30000)
  eden space 4416K, 100% used [0x047e0000, 0x04c30000, 0x04c30000)
  from space 512K, 100% used [0x04cb0000, 0x04d30000, 0x04d30000)
  to   space 512K,   0% used [0x04c30000, 0x04c30000, 0x04cb0000)
 tenured generation   total 10944K, used 342K [0x09d30000, 0x0a7e0000, 0x147e0000)
   the space 10944K,   3% used [0x09d30000, 0x09d85ae8, 0x09d85c00, 0x0a7e0000)
 compacting perm gen  total 12288K, used 2993K [0x147e0000, 0x153e0000, 0x187e0000)
   the space 12288K,  24% used [0x147e0000, 0x14acc708, 0x14acc800, 0x153e0000)
No shared spaces configured.
Event: 0.681 GC heap after
Heap after GC invocations=2 (full 0):
 def new generation   total 4928K, used 512K [0x047e0000, 0x04d30000, 0x09d30000)
  eden space 4416K,   0% used [0x047e0000, 0x047e0000, 0x04c30000)
  from space 512K, 100% used [0x04c30000, 0x04cb0000, 0x04cb0000)
  to   space 512K,   0% used [0x04cb0000, 0x04cb0000, 0x04d30000)
 tenured generation   total 10944K, used 961K [0x09d30000, 0x0a7e0000, 0x147e0000)
   the space 10944K,   8% used [0x09d30000, 0x09e20730, 0x09e20800, 0x0a7e0000)
 compacting perm gen  total 12288K, used 2993K [0x147e0000, 0x153e0000, 0x187e0000)
   the space 12288K,  24% used [0x147e0000, 0x14acc708, 0x14acc800, 0x153e0000)
No shared spaces configured.
}

